<component name="libraryTable">
  <library name="junit-jupiter-params-5.6.0-M1">
    <CLASSES>
      <root url="jar://$USER_HOME$/Downloads/junit-jupiter-params-5.6.0-M1.jar!/" />
    </CLASSES>
    <JAVADOC />
    <SOURCES />
  </library>
</component>